<?xml version="1.0" encoding="UTF-8"?>
<!-- Generated by org.testng.reporters.JUnitReportReporter -->
<testsuite hostname="DESKTOP-LV8FH3S" failures="0" tests="6" name="TestCases.LoginPageTest" time="33.117" errors="0" timestamp="2023-01-08T14:32:28 IST" skipped="4">
  <testcase classname="TestCases.LoginPageTest" name="verifycurrentrl" time="15.407"/>
  <testcase classname="TestCases.LoginPageTest" name="verifyLoginLogoTest" time="17.710"/>
  <testcase classname="TestCases.LoginPageTest" name="verifyLoginToAll">
    <skipped/>
  </testcase> <!-- verifyLoginToAll -->
  <testcase classname="TestCases.LoginPageTest" name="verifyBotLogoTest">
    <skipped/>
  </testcase> <!-- verifyBotLogoTest -->
  <testcase classname="TestCases.LoginPageTest" name="verifyTitleTest">
    <skipped/>
  </testcase> <!-- verifyTitleTest -->
  <testcase classname="TestCases.LoginPageTest" name="verifyInventoryTest">
    <skipped/>
  </testcase> <!-- verifyInventoryTest -->
</testsuite> <!-- TestCases.LoginPageTest -->
