<?xml version="1.0" encoding="UTF-8"?>
<!-- Generated by org.testng.reporters.JUnitReportReporter -->
<testsuite hostname="DESKTOP-LV8FH3S" failures="0" tests="3" name="TestCases.CheckOutPage1Test" time="30.533" errors="0" timestamp="2022-12-31T13:48:13 IST" skipped="2">
  <testcase classname="TestCases.CheckOutPage1Test" name="verifyChechoutInfo" time="30.533"/>
  <testcase classname="TestCases.CheckOutPage1Test" name="verifyCheckOutTest">
    <skipped/>
  </testcase> <!-- verifyCheckOutTest -->
  <testcase classname="TestCases.CheckOutPage1Test" name="VerifyCancelBtn">
    <skipped/>
  </testcase> <!-- VerifyCancelBtn -->
</testsuite> <!-- TestCases.CheckOutPage1Test -->
