<?xml version="1.0" encoding="UTF-8"?>
<!-- Generated by org.testng.reporters.JUnitReportReporter -->
<testsuite hostname="DESKTOP-LV8FH3S" failures="0" tests="2" name="TestCases.CheckOutCompletePageTest" time="60.172" errors="0" timestamp="2022-12-31T14:42:41 IST" skipped="0">
  <testcase classname="TestCases.CheckOutCompletePageTest" name="verifyThankYouText" time="28.226"/>
  <testcase classname="TestCases.CheckOutCompletePageTest" name="verifyPonyLogo" time="31.946"/>
</testsuite> <!-- TestCases.CheckOutCompletePageTest -->
