<?xml version="1.0" encoding="UTF-8"?>
<!-- Generated by org.testng.reporters.JUnitReportReporter -->
<testsuite hostname="DESKTOP-LV8FH3S" failures="0" tests="8" name="TestCases.CartPagesTest" time="21.130" errors="0" timestamp="2022-12-31T13:10:27 IST" skipped="7">
  <testcase classname="TestCases.CartPagesTest" name="verifyContinueBtnTest" time="21.130"/>
  <testcase classname="TestCases.CartPagesTest" name="verifyRemoveCartTest">
    <skipped/>
  </testcase> <!-- verifyRemoveCartTest -->
  <testcase classname="TestCases.CartPagesTest" name="verifyCheckoutBtnTest">
    <skipped/>
  </testcase> <!-- verifyCheckoutBtnTest -->
  <testcase classname="TestCases.CartPagesTest" name="verifyYourCartLogoTest">
    <skipped/>
  </testcase> <!-- verifyYourCartLogoTest -->
  <testcase classname="TestCases.CartPagesTest" name="verifyDescriptionTest">
    <skipped/>
  </testcase> <!-- verifyDescriptionTest -->
  <testcase classname="TestCases.CartPagesTest" name="verifyBotSwgLogoTest">
    <skipped/>
  </testcase> <!-- verifyBotSwgLogoTest -->
  <testcase classname="TestCases.CartPagesTest" name="verifyPriceOfProduct1">
    <skipped/>
  </testcase> <!-- verifyPriceOfProduct1 -->
  <testcase classname="TestCases.CartPagesTest" name="verifyPriceOfProduct">
    <skipped/>
  </testcase> <!-- verifyPriceOfProduct -->
</testsuite> <!-- TestCases.CartPagesTest -->
