<?xml version="1.0" encoding="UTF-8"?>
<!-- Generated by org.testng.reporters.JUnitReportReporter -->
<testsuite hostname="DESKTOP-LV8FH3S" failures="0" tests="5" name="TestCases.InventoryPageTest" time="41.733" errors="0" timestamp="2023-01-08T14:32:28 IST" skipped="1">
  <testcase classname="TestCases.InventoryPageTest" name="verifyLinkdlinLogoTest" time="12.574"/>
  <testcase classname="TestCases.InventoryPageTest" name="verifyPeekLogoTest" time="5.706"/>
  <testcase classname="TestCases.InventoryPageTest" name="verifyFacebookLogoTest" time="6.685"/>
  <testcase classname="TestCases.InventoryPageTest" name="verifyAddToProductTest" time="16.768"/>
  <testcase classname="TestCases.InventoryPageTest" name="verifyTwitterLogoTest">
    <skipped/>
  </testcase> <!-- verifyTwitterLogoTest -->
</testsuite> <!-- TestCases.InventoryPageTest -->
