<?xml version="1.0" encoding="UTF-8"?>
<!-- Generated by org.testng.reporters.JUnitReportReporter -->
<testsuite hostname="DESKTOP-LV8FH3S" failures="0" tests="4" name="TestCases.CheckOutPAgeTest2" time="118.679" errors="0" timestamp="2022-12-31T13:58:06 IST" skipped="0">
  <testcase classname="TestCases.CheckOutPAgeTest2" name="verifyCancelBtn" time="35.296"/>
  <testcase classname="TestCases.CheckOutPAgeTest2" name="verifyDelivaryText" time="27.625"/>
  <testcase classname="TestCases.CheckOutPAgeTest2" name="verifyText" time="27.310"/>
  <testcase classname="TestCases.CheckOutPAgeTest2" name="verifyFinishBtn" time="28.448"/>
</testsuite> <!-- TestCases.CheckOutPAgeTest2 -->
