<?xml version="1.0" encoding="UTF-8"?>
<!-- Generated by org.testng.reporters.JUnitReportReporter -->
<testsuite hostname="DESKTOP-LV8FH3S" failures="0" tests="2" name="TestCases.OrangeHrmLoginPageTest" time="20.094" errors="0" timestamp="2023-01-03T11:15:07 IST" skipped="1">
  <testcase classname="TestCases.OrangeHrmLoginPageTest" name="VerifyUsernameTest" time="20.094"/>
  <testcase classname="TestCases.OrangeHrmLoginPageTest" name="VerifyLogoTest">
    <skipped/>
  </testcase> <!-- VerifyLogoTest -->
</testsuite> <!-- TestCases.OrangeHrmLoginPageTest -->
