<?xml version="1.0" encoding="UTF-8"?>
<!-- Generated by org.testng.reporters.JUnitReportReporter -->
<testsuite hostname="DESKTOP-LV8FH3S" failures="0" tests="3" name="TestCases.ParallelTest" time="94.204" errors="0" timestamp="2023-01-08T14:05:51 IST" skipped="0">
  <testcase classname="TestCases.ParallelTest" name="Test2" time="21.208"/>
  <testcase classname="TestCases.ParallelTest" name="Test1" time="15.581"/>
  <testcase classname="TestCases.ParallelTest" name="Test3" time="57.415"/>
</testsuite> <!-- TestCases.ParallelTest -->
